<?xml version="1.0" encoding="UTF-8"?>
<!-- Generated by org.testng.reporters.JUnitXMLReporter -->
<testsuite hostname="gisparan" ignored="0" name="chrome1" tests="3" failures="0" timestamp="23 lug 2020 13:02:40 GMT" time="36.08" errors="0">
  <testcase name="exec" time="11.642" classname="aria.testframework.businessprocess.GBusinessProcess"/>
  <testcase name="exec" time="6.816" classname="aria.testframework.businessprocess.GBusinessProcess"/>
  <testcase name="exec" time="5.566" classname="aria.testframework.businessprocess.GBusinessProcess"/>
</testsuite> <!-- chrome1 -->
