<?xml version="1.0" encoding="UTF-8"?>
<testng-results skipped="0" failed="0" ignored="0" total="3" passed="3">
  <reporter-output>
    <line>
      <![CDATA[About to begin executing Suite 20170801-120912-POLARION]]>
    </line>
    <line>
      <![CDATA[About to begin executing Test chrome1]]>
    </line>
    <line>
      <![CDATA[About to begin executing following method : GBusinessProcess.beforeTest]]>
    </line>
    <line>
      <![CDATA[<br>INFO - ******************************************************************************************]]>
    </line>
    <line>
      <![CDATA[<br>INFO - ******************************************************************************************]]>
    </line>
    <line>
      <![CDATA[Completed executing following method : GBusinessProcess.beforeTest]]>
    </line>
    <line>
      <![CDATA[<br>INFO - Sono state lette: 3 righe]]>
    </line>
    <line>
      <![CDATA[About to begin executing following method : GBusinessProcess.beforeMethod]]>
    </line>
    <line>
      <![CDATA[<br>INFO - File: /home/gisparan/Documenti/ARIASPA/TEST-AUTOMATICI/TSEL/TEST_SAMPLE/sqa-TEST_SAMPLE-selenium-webdriver-test/src/main/resources/doc/report_generic.xls exists, file length: 17408]]>
    </line>
    <line>
      <![CDATA[<br>INFO - ***Apertura Browser]]>
    </line>
    <line>
      <![CDATA[<br>INFO - Apertura driver browser: chrome]]>
    </line>
    <line>
      <![CDATA[<br>INFO - Desired Capabilities: chrome]]>
    </line>
    <line>
      <![CDATA[<br>INFO - session Id=687b88180f0505e5f6c77e689f1005e3]]>
    </line>
    <line>
      <![CDATA[<br>INFO - session Id=http://localhost:18841]]>
    </line>
    <line>
      <![CDATA[Completed executing following method : GBusinessProcess.beforeMethod]]>
    </line>
    <line>
      <![CDATA[About to begin executing following method : GBusinessProcess.exec]]>
    </line>
    <line>
      <![CDATA[<br>INFO - ***BP Name: BP01_RicercaGoogle]]>
    </line>
    <line>
      <![CDATA[<br>INFO - ***Parametri in input:]]>
    </line>
    <line>
      <![CDATA[<br>INFO - Iteration = 1]]>
    </line>
    <line>
      <![CDATA[<br>INFO - Note = Ricerca google parola Italia]]>
    </line>
    <line>
      <![CDATA[<br>INFO - IDPolarion = null]]>
    </line>
    <line>
      <![CDATA[<br>INFO - ricerca.cerca = Italia]]>
    </line>
    <line>
      <![CDATA[<br>INFO - ricerca.pulsante = Cerca con Google]]>
    </line>
    <line>
      <![CDATA[<br>INFO - esito.skip = null]]>
    </line>
    <line>
      <![CDATA[<br>INFO - esito.chiavericerca = Italia - Wikipedia]]>
    </line>
    <line>
      <![CDATA[<br>INFO - esito.testnegativo = null]]>
    </line>
    <line>
      <![CDATA[<br>INFO - c03.skip = TRUE]]>
    </line>
    <line>
      <![CDATA[<br>INFO - c03.sceltamenu = null]]>
    </line>
    <line>
      <![CDATA[<br>INFO - Apertura URL: https://www.google.it/]]>
    </line>
    <line>
      <![CDATA[<br>INFO - ***Execute ExecBP]]>
    </line>
    <line>
      <![CDATA[<br>INFO - BP01_RicercaGoogle]]>
    </line>
    <line>
      <![CDATA[<br>INFO - Avvio BP01_RicercaGoogle]]>
    </line>
    <line>
      <![CDATA[<br>INFO - Sono state lette: 3 righe]]>
    </line>
    <line>
      <![CDATA[<br>INFO - Component: test_sample.components.C01_RicercaGoogle]]>
    </line>
    <line>
      <![CDATA[<br>INFO - Alias: ricerca]]>
    </line>
    <line>
      <![CDATA[<br>INFO - avvio C01_RicercaGoogle]]>
    </line>
    <line>
      <![CDATA[<br>INFO - Func: temporizzatore = 1000]]>
    </line>
    <line>
      <![CDATA[<br>INFO - waiting...]]>
    </line>
    <line>
      <![CDATA[<br>INFO - Checkpoint: //input[@role='combobox'] trovato]]>
    </line>
    <line>
      <![CDATA[<br>INFO - C01_RicercaGoogle > Ricerca Google]]>
    </line>
    <line>
      <![CDATA[<br>INFO - safeInput: //input[@role='combobox']]]>
    </line>
    <line>
      <![CDATA[<br>INFO - attr: Italia]]>
    </line>
    <line>
      <![CDATA[<br>INFO - safeInput: //input[@role='combobox']]]>
    </line>
    <line>
      <![CDATA[<br>INFO - attr: Italia]]>
    </line>
    <line>
      <![CDATA[<br>INFO - Func: temporizzatore = 500]]>
    </line>
    <line>
      <![CDATA[<br>INFO - waiting...]]>
    </line>
    <line>
      <![CDATA[<br>INFO - Submit Element: //input[@role='combobox']]]>
    </line>
    <line>
      <![CDATA[<br>INFO - Func: elementExist //input[@role='combobox']]]>
    </line>
    <line>
      <![CDATA[<br>INFO - Component: test_sample.components.C02_EsitoRicerca]]>
    </line>
    <line>
      <![CDATA[<br>INFO - Alias: esito]]>
    </line>
    <line>
      <![CDATA[<br>INFO - avvio C02_EsitoRicerca]]>
    </line>
    <line>
      <![CDATA[<br>INFO - Func: temporizzatore = 1000]]>
    </line>
    <line>
      <![CDATA[<br>INFO - waiting...]]>
    </line>
    <line>
      <![CDATA[<br>INFO - Checkpoint: //div[@id='top_nav'] trovato]]>
    </line>
    <line>
      <![CDATA[<br>INFO - C02_EsitoRicerca > Esito Ricerca]]>
    </line>
    <line>
      <![CDATA[<br>INFO - Modalità di ricercaTuttiMapsImmaginiNotizieVideoAltroShoppingLibriVoliFinanzaImpostazioniImpostazioni di ricercaLingue (Languages)Attiva SafeSearchRicerca avanzataAttività di ricercaI tuoi dati nella RicercaCerca nella GuidaStrumentiQualsiasi PaeseQualsiasi PaesePaese: ItaliaQualsiasi linguaQualsiasi linguaPagine in italianoQualsiasi dataQualsiasi data Ultima ora Ultime 24 ore Ultima settimana Ultimo mese Ultimo annoIntervallo di dateIntervallo di date personalizzatoDaAVaiTutti i risultatiTutti i risultatiVerbatim]]>
    </line>
    <line>
      <![CDATA[<br>INFO - 24]]>
    </line>
    <line>
      <![CDATA[<br>INFO - safeInput: //h3[contains(.,'Italia - Wikipedia')]]]>
    </line>
    <line>
      <![CDATA[<br>INFO - jsClick: //h3[contains(.,'Italia - Wikipedia')]]]>
    </line>
    <line>
      <![CDATA[<br>INFO - executeJsActionOnElement: //h3[contains(.,'Italia - Wikipedia')] click()]]>
    </line>
    <line>
      <![CDATA[<br>INFO - addUnloadData, key: risultati, value: 24]]>
    </line>
    <line>
      <![CDATA[<br>INFO - Component: test_sample.components.C03_GestioneMenu]]>
    </line>
    <line>
      <![CDATA[<br>INFO - Alias: c03]]>
    </line>
    <line>
      <![CDATA[<br>INFO - Loaddata del componente: test_sample.components.C03_GestioneMenu con alias: c03 skippato]]>
    </line>
    <line>
      <![CDATA[<br>INFO - Componente: test_sample.components.C03_GestioneMenu con alias: c03 skippato]]>
    </line>
    <line>
      <![CDATA[<br>INFO - ***Fine Execute ExecBP]]>
    </line>
    <line>
      <![CDATA[Completed executing following method : GBusinessProcess.exec]]>
    </line>
    <line>
      <![CDATA[Test Method resides in aria.testframework.businessprocess.GBusinessProcess]]>
    </line>
    <line>
      <![CDATA[Test Status: Pass]]>
    </line>
    <line>
      <![CDATA[About to begin executing following method : GBusinessProcess.afterMethod]]>
    </line>
    <line>
      <![CDATA[TestNG Debugger : [TestClass name=class aria.testframework.businessprocess.GBusinessProcess]() running ]]>
    </line>
    <line>
      <![CDATA[Iteration 1 status PASS]]>
    </line>
    <line>
      <![CDATA[<br>INFO - Chiusura browser:]]>
    </line>
    <line>
      <![CDATA[<br>INFO - Comando: killall -9 chromedriver]]>
    </line>
    <line>
      <![CDATA[<br>ERROR - Browser ancora in esecuzione]]>
    </line>
    <line>
      <![CDATA[Completed executing following method : GBusinessProcess.afterMethod]]>
    </line>
    <line>
      <![CDATA[About to begin executing following method : GBusinessProcess.beforeMethod]]>
    </line>
    <line>
      <![CDATA[<br>INFO - File: /home/gisparan/Documenti/ARIASPA/TEST-AUTOMATICI/TSEL/TEST_SAMPLE/sqa-TEST_SAMPLE-selenium-webdriver-test/src/main/resources/doc/report_generic.xls exists, file length: 17408]]>
    </line>
    <line>
      <![CDATA[<br>INFO - ***Apertura Browser]]>
    </line>
    <line>
      <![CDATA[<br>INFO - Apertura driver browser: chrome]]>
    </line>
    <line>
      <![CDATA[<br>INFO - Desired Capabilities: chrome]]>
    </line>
    <line>
      <![CDATA[<br>INFO - session Id=036edd4536d32fe6c436d8fec2b6a180]]>
    </line>
    <line>
      <![CDATA[<br>INFO - session Id=http://localhost:23049]]>
    </line>
    <line>
      <![CDATA[Completed executing following method : GBusinessProcess.beforeMethod]]>
    </line>
    <line>
      <![CDATA[About to begin executing following method : GBusinessProcess.exec]]>
    </line>
    <line>
      <![CDATA[<br>INFO - ***BP Name: BP01_RicercaGoogle]]>
    </line>
    <line>
      <![CDATA[<br>INFO - ***Parametri in input:]]>
    </line>
    <line>
      <![CDATA[<br>INFO - Iteration = 2]]>
    </line>
    <line>
      <![CDATA[<br>INFO - Note = Ricerca goggle - test negativo]]>
    </line>
    <line>
      <![CDATA[<br>INFO - IDPolarion = null]]>
    </line>
    <line>
      <![CDATA[<br>INFO - ricerca.cerca = ccccccccccdccccccccccg0000fsfsdwrèewej]]>
    </line>
    <line>
      <![CDATA[<br>INFO - ricerca.pulsante = Cerca con Google]]>
    </line>
    <line>
      <![CDATA[<br>INFO - esito.skip = null]]>
    </line>
    <line>
      <![CDATA[<br>INFO - esito.chiavericerca = null]]>
    </line>
    <line>
      <![CDATA[<br>INFO - esito.testnegativo = si]]>
    </line>
    <line>
      <![CDATA[<br>INFO - c03.skip = TRUE]]>
    </line>
    <line>
      <![CDATA[<br>INFO - c03.sceltamenu = si]]>
    </line>
    <line>
      <![CDATA[<br>INFO - Apertura URL: https://www.google.it/]]>
    </line>
    <line>
      <![CDATA[<br>INFO - ***Execute ExecBP]]>
    </line>
    <line>
      <![CDATA[<br>INFO - BP01_RicercaGoogle]]>
    </line>
    <line>
      <![CDATA[<br>INFO - Avvio BP01_RicercaGoogle]]>
    </line>
    <line>
      <![CDATA[<br>INFO - Sono state lette: 3 righe]]>
    </line>
    <line>
      <![CDATA[<br>INFO - Component: test_sample.components.C01_RicercaGoogle]]>
    </line>
    <line>
      <![CDATA[<br>INFO - Alias: ricerca]]>
    </line>
    <line>
      <![CDATA[<br>INFO - avvio C01_RicercaGoogle]]>
    </line>
    <line>
      <![CDATA[<br>INFO - Func: temporizzatore = 1000]]>
    </line>
    <line>
      <![CDATA[<br>INFO - waiting...]]>
    </line>
    <line>
      <![CDATA[<br>INFO - Checkpoint: //input[@role='combobox'] trovato]]>
    </line>
    <line>
      <![CDATA[<br>INFO - C01_RicercaGoogle > Ricerca Google]]>
    </line>
    <line>
      <![CDATA[<br>INFO - safeInput: //input[@role='combobox']]]>
    </line>
    <line>
      <![CDATA[<br>INFO - attr: ccccccccccdccccccccccg0000fsfsdwrèewej]]>
    </line>
    <line>
      <![CDATA[<br>INFO - safeInput: //input[@role='combobox']]]>
    </line>
    <line>
      <![CDATA[<br>INFO - attr: ccccccccccdccccccccccg0000fsfsdwrèewej]]>
    </line>
    <line>
      <![CDATA[<br>INFO - Func: temporizzatore = 500]]>
    </line>
    <line>
      <![CDATA[<br>INFO - waiting...]]>
    </line>
    <line>
      <![CDATA[<br>INFO - Submit Element: //input[@role='combobox']]]>
    </line>
    <line>
      <![CDATA[<br>INFO - Func: elementExist //input[@role='combobox']]]>
    </line>
    <line>
      <![CDATA[<br>INFO - Component: test_sample.components.C02_EsitoRicerca]]>
    </line>
    <line>
      <![CDATA[<br>INFO - Alias: esito]]>
    </line>
    <line>
      <![CDATA[<br>INFO - avvio C02_EsitoRicerca]]>
    </line>
    <line>
      <![CDATA[<br>INFO - Func: temporizzatore = 1000]]>
    </line>
    <line>
      <![CDATA[<br>INFO - waiting...]]>
    </line>
    <line>
      <![CDATA[<br>INFO - Checkpoint: //div[@id='top_nav'] trovato]]>
    </line>
    <line>
      <![CDATA[<br>INFO - C02_EsitoRicerca > Esito Ricerca]]>
    </line>
    <line>
      <![CDATA[<br>INFO - Func: temporizzatore = 1000]]>
    </line>
    <line>
      <![CDATA[<br>INFO - waiting...]]>
    </line>
    <line>
      <![CDATA[<br>INFO - Checkpoint: //p[contains(.,'non ha prodotto risultati')] trovato]]>
    </line>
    <line>
      <![CDATA[<br>INFO - 0]]>
    </line>
    <line>
      <![CDATA[<br>INFO - addUnloadData, key: risultati, value: 0]]>
    </line>
    <line>
      <![CDATA[<br>INFO - Component: test_sample.components.C03_GestioneMenu]]>
    </line>
    <line>
      <![CDATA[<br>INFO - Alias: c03]]>
    </line>
    <line>
      <![CDATA[<br>INFO - Loaddata del componente: test_sample.components.C03_GestioneMenu con alias: c03 skippato]]>
    </line>
    <line>
      <![CDATA[<br>INFO - Componente: test_sample.components.C03_GestioneMenu con alias: c03 skippato]]>
    </line>
    <line>
      <![CDATA[<br>INFO - ***Fine Execute ExecBP]]>
    </line>
    <line>
      <![CDATA[Completed executing following method : GBusinessProcess.exec]]>
    </line>
    <line>
      <![CDATA[Test Method resides in aria.testframework.businessprocess.GBusinessProcess]]>
    </line>
    <line>
      <![CDATA[Test Status: Pass]]>
    </line>
    <line>
      <![CDATA[About to begin executing following method : GBusinessProcess.afterMethod]]>
    </line>
    <line>
      <![CDATA[TestNG Debugger : [TestClass name=class aria.testframework.businessprocess.GBusinessProcess]() running ]]>
    </line>
    <line>
      <![CDATA[Iteration 2 status PASS]]>
    </line>
    <line>
      <![CDATA[<br>INFO - Chiusura browser:]]>
    </line>
    <line>
      <![CDATA[<br>INFO - Comando: killall -9 chromedriver]]>
    </line>
    <line>
      <![CDATA[<br>ERROR - Browser ancora in esecuzione]]>
    </line>
    <line>
      <![CDATA[Completed executing following method : GBusinessProcess.afterMethod]]>
    </line>
    <line>
      <![CDATA[About to begin executing following method : GBusinessProcess.beforeMethod]]>
    </line>
    <line>
      <![CDATA[<br>INFO - File: /home/gisparan/Documenti/ARIASPA/TEST-AUTOMATICI/TSEL/TEST_SAMPLE/sqa-TEST_SAMPLE-selenium-webdriver-test/src/main/resources/doc/report_generic.xls exists, file length: 17920]]>
    </line>
    <line>
      <![CDATA[<br>INFO - ***Apertura Browser]]>
    </line>
    <line>
      <![CDATA[<br>INFO - Apertura driver browser: chrome]]>
    </line>
    <line>
      <![CDATA[<br>INFO - Desired Capabilities: chrome]]>
    </line>
    <line>
      <![CDATA[<br>INFO - session Id=e0069a1f33de9340fc5aba46f7057c30]]>
    </line>
    <line>
      <![CDATA[<br>INFO - session Id=http://localhost:10774]]>
    </line>
    <line>
      <![CDATA[Completed executing following method : GBusinessProcess.beforeMethod]]>
    </line>
    <line>
      <![CDATA[About to begin executing following method : GBusinessProcess.exec]]>
    </line>
    <line>
      <![CDATA[<br>INFO - ***BP Name: BP01_RicercaGoogle]]>
    </line>
    <line>
      <![CDATA[<br>INFO - ***Parametri in input:]]>
    </line>
    <line>
      <![CDATA[<br>INFO - Iteration = 3]]>
    </line>
    <line>
      <![CDATA[<br>INFO - Note = Ricerca il numero uscito come risultato alla iter 1]]>
    </line>
    <line>
      <![CDATA[<br>INFO - IDPolarion = null]]>
    </line>
    <line>
      <![CDATA[<br>INFO - ricerca.cerca = [ITERATION]BP01_RicercaGoogle#1#esito.risultati]]>
    </line>
    <line>
      <![CDATA[<br>INFO - ricerca.pulsante = Cerca con Google]]>
    </line>
    <line>
      <![CDATA[<br>INFO - esito.skip = si]]>
    </line>
    <line>
      <![CDATA[<br>INFO - esito.chiavericerca = null]]>
    </line>
    <line>
      <![CDATA[<br>INFO - esito.testnegativo = null]]>
    </line>
    <line>
      <![CDATA[<br>INFO - c03.skip = TRUE]]>
    </line>
    <line>
      <![CDATA[<br>INFO - c03.sceltamenu = null]]>
    </line>
    <line>
      <![CDATA[<br>INFO - Apertura URL: https://www.google.it/]]>
    </line>
    <line>
      <![CDATA[<br>INFO - ***Execute ExecBP]]>
    </line>
    <line>
      <![CDATA[<br>INFO - BP01_RicercaGoogle]]>
    </line>
    <line>
      <![CDATA[<br>INFO - Avvio BP01_RicercaGoogle]]>
    </line>
    <line>
      <![CDATA[<br>INFO - Sono state lette: 3 righe]]>
    </line>
    <line>
      <![CDATA[<br>INFO - Component: test_sample.components.C01_RicercaGoogle]]>
    </line>
    <line>
      <![CDATA[<br>INFO - Alias: ricerca]]>
    </line>
    <line>
      <![CDATA[<br>INFO - TransferParameter: [ITERATION]BP01_RicercaGoogle#1#esito.risultati]]>
    </line>
    <line>
      <![CDATA[<br>INFO - Value: 24]]>
    </line>
    <line>
      <![CDATA[<br>INFO - avvio C01_RicercaGoogle]]>
    </line>
    <line>
      <![CDATA[<br>INFO - Func: temporizzatore = 1000]]>
    </line>
    <line>
      <![CDATA[<br>INFO - waiting...]]>
    </line>
    <line>
      <![CDATA[<br>INFO - Checkpoint: //input[@role='combobox'] trovato]]>
    </line>
    <line>
      <![CDATA[<br>INFO - C01_RicercaGoogle > Ricerca Google]]>
    </line>
    <line>
      <![CDATA[<br>INFO - safeInput: //input[@role='combobox']]]>
    </line>
    <line>
      <![CDATA[<br>INFO - attr: 24]]>
    </line>
    <line>
      <![CDATA[<br>INFO - safeInput: //input[@role='combobox']]]>
    </line>
    <line>
      <![CDATA[<br>INFO - attr: 24]]>
    </line>
    <line>
      <![CDATA[<br>INFO - Func: temporizzatore = 500]]>
    </line>
    <line>
      <![CDATA[<br>INFO - waiting...]]>
    </line>
    <line>
      <![CDATA[<br>INFO - Submit Element: //input[@role='combobox']]]>
    </line>
    <line>
      <![CDATA[<br>INFO - Func: elementExist //input[@role='combobox']]]>
    </line>
    <line>
      <![CDATA[<br>INFO - Component: test_sample.components.C02_EsitoRicerca]]>
    </line>
    <line>
      <![CDATA[<br>INFO - Alias: esito]]>
    </line>
    <line>
      <![CDATA[<br>INFO - Loaddata del componente: test_sample.components.C02_EsitoRicerca con alias: esito skippato]]>
    </line>
    <line>
      <![CDATA[<br>INFO - Componente: test_sample.components.C02_EsitoRicerca con alias: esito skippato]]>
    </line>
    <line>
      <![CDATA[<br>INFO - Component: test_sample.components.C03_GestioneMenu]]>
    </line>
    <line>
      <![CDATA[<br>INFO - Alias: c03]]>
    </line>
    <line>
      <![CDATA[<br>INFO - Loaddata del componente: test_sample.components.C03_GestioneMenu con alias: c03 skippato]]>
    </line>
    <line>
      <![CDATA[<br>INFO - Componente: test_sample.components.C03_GestioneMenu con alias: c03 skippato]]>
    </line>
    <line>
      <![CDATA[<br>INFO - ***Fine Execute ExecBP]]>
    </line>
    <line>
      <![CDATA[Completed executing following method : GBusinessProcess.exec]]>
    </line>
    <line>
      <![CDATA[Test Method resides in aria.testframework.businessprocess.GBusinessProcess]]>
    </line>
    <line>
      <![CDATA[Test Status: Pass]]>
    </line>
    <line>
      <![CDATA[About to begin executing following method : GBusinessProcess.afterMethod]]>
    </line>
    <line>
      <![CDATA[TestNG Debugger : [TestClass name=class aria.testframework.businessprocess.GBusinessProcess]() running ]]>
    </line>
    <line>
      <![CDATA[Iteration 3 status PASS]]>
    </line>
    <line>
      <![CDATA[<br>INFO - Chiusura browser:]]>
    </line>
    <line>
      <![CDATA[<br>INFO - Comando: killall -9 chromedriver]]>
    </line>
    <line>
      <![CDATA[<br>ERROR - Browser ancora in esecuzione]]>
    </line>
    <line>
      <![CDATA[Completed executing following method : GBusinessProcess.afterMethod]]>
    </line>
    <line>
      <![CDATA[About to begin executing following method : GBusinessProcess.afterTest]]>
    </line>
    <line>
      <![CDATA[Completed executing following method : GBusinessProcess.afterTest]]>
    </line>
  </reporter-output>
  <suite name="20170801-120912-POLARION" duration-ms="36080" started-at="2020-07-23T13:02:04Z" finished-at="2020-07-23T13:02:40Z">
    <groups>
    </groups>
    <test name="chrome1" duration-ms="36080" started-at="2020-07-23T13:02:04Z" finished-at="2020-07-23T13:02:40Z">
      <class name="aria.testframework.businessprocess.GBusinessProcess">
        <test-method status="PASS" signature="beforeTest(org.testng.ITestContext, java.lang.String, java.lang.String, java.lang.String, java.lang.String, java.lang.String, java.lang.String, java.lang.String, java.lang.String)[pri:0, instance:aria.testframework.businessprocess.GBusinessProcess@77846d2c]" name="beforeTest" is-config="true" duration-ms="620" started-at="2020-07-23T13:02:04Z" finished-at="2020-07-23T13:02:05Z">
          <params>
            <param index="0">
              <value>
                <![CDATA[org.testng.TestRunner@400d912a]]>
              </value>
            </param>
            <param index="1">
              <value>
                <![CDATA[chrome]]>
              </value>
            </param>
            <param index="2">
              <value>
                <![CDATA[1-3]]>
              </value>
            </param>
            <param index="3">
              <value>
                <![CDATA[src/main/resources/doc/BP01_RicercaGoogle.xls]]>
              </value>
            </param>
            <param index="4">
              <value>
                <![CDATA[src/main/resources/doc/report_generic.xls]]>
              </value>
            </param>
            <param index="5">
              <value>
                <![CDATA[no]]>
              </value>
            </param>
            <param index="6">
              <value>
                <![CDATA[BP01_RicercaGoogle]]>
              </value>
            </param>
            <param index="7">
              <value>
                <![CDATA[src/main/resources/properties/TEST_SAMPLE.properties]]>
              </value>
            </param>
            <param index="8">
              <value>
                <![CDATA[]]>
              </value>
            </param>
          </params>
          <reporter-output>
            <line>
              <![CDATA[<br>INFO - ******************************************************************************************]]>
            </line>
            <line>
              <![CDATA[<br>INFO - ******************************************************************************************]]>
            </line>
            <line>
              <![CDATA[Completed executing following method : GBusinessProcess.beforeTest]]>
            </line>
          </reporter-output>
        </test-method> <!-- beforeTest -->
        <test-method status="PASS" signature="beforeMethod()[pri:0, instance:aria.testframework.businessprocess.GBusinessProcess@77846d2c]" name="beforeMethod" is-config="true" duration-ms="2183" started-at="2020-07-23T13:02:05Z" finished-at="2020-07-23T13:02:08Z">
          <reporter-output>
            <line>
              <![CDATA[<br>INFO - File: /home/gisparan/Documenti/ARIASPA/TEST-AUTOMATICI/TSEL/TEST_SAMPLE/sqa-TEST_SAMPLE-selenium-webdriver-test/src/main/resources/doc/report_generic.xls exists, file length: 17408]]>
            </line>
            <line>
              <![CDATA[<br>INFO - ***Apertura Browser]]>
            </line>
            <line>
              <![CDATA[<br>INFO - Apertura driver browser: chrome]]>
            </line>
            <line>
              <![CDATA[<br>INFO - Desired Capabilities: chrome]]>
            </line>
            <line>
              <![CDATA[<br>INFO - session Id=687b88180f0505e5f6c77e689f1005e3]]>
            </line>
            <line>
              <![CDATA[<br>INFO - session Id=http://localhost:18841]]>
            </line>
            <line>
              <![CDATA[Completed executing following method : GBusinessProcess.beforeMethod]]>
            </line>
          </reporter-output>
        </test-method> <!-- beforeMethod -->
        <test-method status="PASS" signature="exec([Laria.testframework.util.Parameter;)[pri:0, instance:aria.testframework.businessprocess.GBusinessProcess@77846d2c]" name="exec" duration-ms="11642" started-at="2020-07-23T13:02:08Z" data-provider="data" finished-at="2020-07-23T13:02:19Z">
          <params>
            <param index="0">
              <value>
                <![CDATA[[Laria.testframework.util.Parameter;@45673f68]]>
              </value>
            </param>
          </params>
          <reporter-output>
            <line>
              <![CDATA[About to begin executing following method : GBusinessProcess.exec]]>
            </line>
            <line>
              <![CDATA[<br>INFO - ***BP Name: BP01_RicercaGoogle]]>
            </line>
            <line>
              <![CDATA[<br>INFO - ***Parametri in input:]]>
            </line>
            <line>
              <![CDATA[<br>INFO - Iteration = 1]]>
            </line>
            <line>
              <![CDATA[<br>INFO - Note = Ricerca google parola Italia]]>
            </line>
            <line>
              <![CDATA[<br>INFO - IDPolarion = null]]>
            </line>
            <line>
              <![CDATA[<br>INFO - ricerca.cerca = Italia]]>
            </line>
            <line>
              <![CDATA[<br>INFO - ricerca.pulsante = Cerca con Google]]>
            </line>
            <line>
              <![CDATA[<br>INFO - esito.skip = null]]>
            </line>
            <line>
              <![CDATA[<br>INFO - esito.chiavericerca = Italia - Wikipedia]]>
            </line>
            <line>
              <![CDATA[<br>INFO - esito.testnegativo = null]]>
            </line>
            <line>
              <![CDATA[<br>INFO - c03.skip = TRUE]]>
            </line>
            <line>
              <![CDATA[<br>INFO - c03.sceltamenu = null]]>
            </line>
            <line>
              <![CDATA[<br>INFO - Apertura URL: https://www.google.it/]]>
            </line>
            <line>
              <![CDATA[<br>INFO - ***Execute ExecBP]]>
            </line>
            <line>
              <![CDATA[<br>INFO - BP01_RicercaGoogle]]>
            </line>
            <line>
              <![CDATA[<br>INFO - Avvio BP01_RicercaGoogle]]>
            </line>
            <line>
              <![CDATA[<br>INFO - Sono state lette: 3 righe]]>
            </line>
            <line>
              <![CDATA[<br>INFO - Component: test_sample.components.C01_RicercaGoogle]]>
            </line>
            <line>
              <![CDATA[<br>INFO - Alias: ricerca]]>
            </line>
            <line>
              <![CDATA[<br>INFO - avvio C01_RicercaGoogle]]>
            </line>
            <line>
              <![CDATA[<br>INFO - Func: temporizzatore = 1000]]>
            </line>
            <line>
              <![CDATA[<br>INFO - waiting...]]>
            </line>
            <line>
              <![CDATA[<br>INFO - Checkpoint: //input[@role='combobox'] trovato]]>
            </line>
            <line>
              <![CDATA[<br>INFO - C01_RicercaGoogle > Ricerca Google]]>
            </line>
            <line>
              <![CDATA[<br>INFO - safeInput: //input[@role='combobox']]]>
            </line>
            <line>
              <![CDATA[<br>INFO - attr: Italia]]>
            </line>
            <line>
              <![CDATA[<br>INFO - safeInput: //input[@role='combobox']]]>
            </line>
            <line>
              <![CDATA[<br>INFO - attr: Italia]]>
            </line>
            <line>
              <![CDATA[<br>INFO - Func: temporizzatore = 500]]>
            </line>
            <line>
              <![CDATA[<br>INFO - waiting...]]>
            </line>
            <line>
              <![CDATA[<br>INFO - Submit Element: //input[@role='combobox']]]>
            </line>
            <line>
              <![CDATA[<br>INFO - Func: elementExist //input[@role='combobox']]]>
            </line>
            <line>
              <![CDATA[<br>INFO - Component: test_sample.components.C02_EsitoRicerca]]>
            </line>
            <line>
              <![CDATA[<br>INFO - Alias: esito]]>
            </line>
            <line>
              <![CDATA[<br>INFO - avvio C02_EsitoRicerca]]>
            </line>
            <line>
              <![CDATA[<br>INFO - Func: temporizzatore = 1000]]>
            </line>
            <line>
              <![CDATA[<br>INFO - waiting...]]>
            </line>
            <line>
              <![CDATA[<br>INFO - Checkpoint: //div[@id='top_nav'] trovato]]>
            </line>
            <line>
              <![CDATA[<br>INFO - C02_EsitoRicerca > Esito Ricerca]]>
            </line>
            <line>
              <![CDATA[<br>INFO - Modalità di ricercaTuttiMapsImmaginiNotizieVideoAltroShoppingLibriVoliFinanzaImpostazioniImpostazioni di ricercaLingue (Languages)Attiva SafeSearchRicerca avanzataAttività di ricercaI tuoi dati nella RicercaCerca nella GuidaStrumentiQualsiasi PaeseQualsiasi PaesePaese: ItaliaQualsiasi linguaQualsiasi linguaPagine in italianoQualsiasi dataQualsiasi data Ultima ora Ultime 24 ore Ultima settimana Ultimo mese Ultimo annoIntervallo di dateIntervallo di date personalizzatoDaAVaiTutti i risultatiTutti i risultatiVerbatim]]>
            </line>
            <line>
              <![CDATA[<br>INFO - 24]]>
            </line>
            <line>
              <![CDATA[<br>INFO - safeInput: //h3[contains(.,'Italia - Wikipedia')]]]>
            </line>
            <line>
              <![CDATA[<br>INFO - jsClick: //h3[contains(.,'Italia - Wikipedia')]]]>
            </line>
            <line>
              <![CDATA[<br>INFO - executeJsActionOnElement: //h3[contains(.,'Italia - Wikipedia')] click()]]>
            </line>
            <line>
              <![CDATA[<br>INFO - addUnloadData, key: risultati, value: 24]]>
            </line>
            <line>
              <![CDATA[<br>INFO - Component: test_sample.components.C03_GestioneMenu]]>
            </line>
            <line>
              <![CDATA[<br>INFO - Alias: c03]]>
            </line>
            <line>
              <![CDATA[<br>INFO - Loaddata del componente: test_sample.components.C03_GestioneMenu con alias: c03 skippato]]>
            </line>
            <line>
              <![CDATA[<br>INFO - Componente: test_sample.components.C03_GestioneMenu con alias: c03 skippato]]>
            </line>
            <line>
              <![CDATA[<br>INFO - ***Fine Execute ExecBP]]>
            </line>
            <line>
              <![CDATA[Completed executing following method : GBusinessProcess.exec]]>
            </line>
            <line>
              <![CDATA[Test Method resides in aria.testframework.businessprocess.GBusinessProcess]]>
            </line>
            <line>
              <![CDATA[Test Status: Pass]]>
            </line>
            <line>
              <![CDATA[About to begin executing following method : GBusinessProcess.afterMethod]]>
            </line>
          </reporter-output>
        </test-method> <!-- exec -->
        <test-method status="PASS" signature="afterMethod(org.testng.ITestResult)[pri:0, instance:aria.testframework.businessprocess.GBusinessProcess@77846d2c]" name="afterMethod" is-config="true" duration-ms="2342" started-at="2020-07-23T13:02:19Z" finished-at="2020-07-23T13:02:22Z">
          <params>
            <param index="0">
              <value>
                <![CDATA[[TestResult name=exec status=SUCCESS method=GBusinessProcess.exec([Laria.testframework.util.Parameter;)[pri:0, instance:aria.testframework.businessprocess.GBusinessProcess@77846d2c] output=About to begin executing following method : GBusinessProcess.exec]]]>
              </value>
            </param>
          </params>
          <reporter-output>
            <line>
              <![CDATA[TestNG Debugger : [TestClass name=class aria.testframework.businessprocess.GBusinessProcess]() running ]]>
            </line>
            <line>
              <![CDATA[Iteration 1 status PASS]]>
            </line>
            <line>
              <![CDATA[<br>INFO - Chiusura browser:]]>
            </line>
            <line>
              <![CDATA[<br>INFO - Comando: killall -9 chromedriver]]>
            </line>
            <line>
              <![CDATA[<br>ERROR - Browser ancora in esecuzione]]>
            </line>
            <line>
              <![CDATA[Completed executing following method : GBusinessProcess.afterMethod]]>
            </line>
          </reporter-output>
        </test-method> <!-- afterMethod -->
        <test-method status="PASS" signature="beforeMethod()[pri:0, instance:aria.testframework.businessprocess.GBusinessProcess@77846d2c]" name="beforeMethod" is-config="true" duration-ms="1027" started-at="2020-07-23T13:02:22Z" finished-at="2020-07-23T13:02:23Z">
          <reporter-output>
            <line>
              <![CDATA[<br>INFO - File: /home/gisparan/Documenti/ARIASPA/TEST-AUTOMATICI/TSEL/TEST_SAMPLE/sqa-TEST_SAMPLE-selenium-webdriver-test/src/main/resources/doc/report_generic.xls exists, file length: 17408]]>
            </line>
            <line>
              <![CDATA[<br>INFO - ***Apertura Browser]]>
            </line>
            <line>
              <![CDATA[<br>INFO - Apertura driver browser: chrome]]>
            </line>
            <line>
              <![CDATA[<br>INFO - Desired Capabilities: chrome]]>
            </line>
            <line>
              <![CDATA[<br>INFO - session Id=036edd4536d32fe6c436d8fec2b6a180]]>
            </line>
            <line>
              <![CDATA[<br>INFO - session Id=http://localhost:23049]]>
            </line>
            <line>
              <![CDATA[Completed executing following method : GBusinessProcess.beforeMethod]]>
            </line>
          </reporter-output>
        </test-method> <!-- beforeMethod -->
        <test-method status="PASS" signature="exec([Laria.testframework.util.Parameter;)[pri:0, instance:aria.testframework.businessprocess.GBusinessProcess@77846d2c]" name="exec" duration-ms="6816" started-at="2020-07-23T13:02:23Z" data-provider="data" finished-at="2020-07-23T13:02:29Z">
          <params>
            <param index="0">
              <value>
                <![CDATA[[Laria.testframework.util.Parameter;@27abb83e]]>
              </value>
            </param>
          </params>
          <reporter-output>
            <line>
              <![CDATA[About to begin executing following method : GBusinessProcess.exec]]>
            </line>
            <line>
              <![CDATA[<br>INFO - ***BP Name: BP01_RicercaGoogle]]>
            </line>
            <line>
              <![CDATA[<br>INFO - ***Parametri in input:]]>
            </line>
            <line>
              <![CDATA[<br>INFO - Iteration = 2]]>
            </line>
            <line>
              <![CDATA[<br>INFO - Note = Ricerca goggle - test negativo]]>
            </line>
            <line>
              <![CDATA[<br>INFO - IDPolarion = null]]>
            </line>
            <line>
              <![CDATA[<br>INFO - ricerca.cerca = ccccccccccdccccccccccg0000fsfsdwrèewej]]>
            </line>
            <line>
              <![CDATA[<br>INFO - ricerca.pulsante = Cerca con Google]]>
            </line>
            <line>
              <![CDATA[<br>INFO - esito.skip = null]]>
            </line>
            <line>
              <![CDATA[<br>INFO - esito.chiavericerca = null]]>
            </line>
            <line>
              <![CDATA[<br>INFO - esito.testnegativo = si]]>
            </line>
            <line>
              <![CDATA[<br>INFO - c03.skip = TRUE]]>
            </line>
            <line>
              <![CDATA[<br>INFO - c03.sceltamenu = si]]>
            </line>
            <line>
              <![CDATA[<br>INFO - Apertura URL: https://www.google.it/]]>
            </line>
            <line>
              <![CDATA[<br>INFO - ***Execute ExecBP]]>
            </line>
            <line>
              <![CDATA[<br>INFO - BP01_RicercaGoogle]]>
            </line>
            <line>
              <![CDATA[<br>INFO - Avvio BP01_RicercaGoogle]]>
            </line>
            <line>
              <![CDATA[<br>INFO - Sono state lette: 3 righe]]>
            </line>
            <line>
              <![CDATA[<br>INFO - Component: test_sample.components.C01_RicercaGoogle]]>
            </line>
            <line>
              <![CDATA[<br>INFO - Alias: ricerca]]>
            </line>
            <line>
              <![CDATA[<br>INFO - avvio C01_RicercaGoogle]]>
            </line>
            <line>
              <![CDATA[<br>INFO - Func: temporizzatore = 1000]]>
            </line>
            <line>
              <![CDATA[<br>INFO - waiting...]]>
            </line>
            <line>
              <![CDATA[<br>INFO - Checkpoint: //input[@role='combobox'] trovato]]>
            </line>
            <line>
              <![CDATA[<br>INFO - C01_RicercaGoogle > Ricerca Google]]>
            </line>
            <line>
              <![CDATA[<br>INFO - safeInput: //input[@role='combobox']]]>
            </line>
            <line>
              <![CDATA[<br>INFO - attr: ccccccccccdccccccccccg0000fsfsdwrèewej]]>
            </line>
            <line>
              <![CDATA[<br>INFO - safeInput: //input[@role='combobox']]]>
            </line>
            <line>
              <![CDATA[<br>INFO - attr: ccccccccccdccccccccccg0000fsfsdwrèewej]]>
            </line>
            <line>
              <![CDATA[<br>INFO - Func: temporizzatore = 500]]>
            </line>
            <line>
              <![CDATA[<br>INFO - waiting...]]>
            </line>
            <line>
              <![CDATA[<br>INFO - Submit Element: //input[@role='combobox']]]>
            </line>
            <line>
              <![CDATA[<br>INFO - Func: elementExist //input[@role='combobox']]]>
            </line>
            <line>
              <![CDATA[<br>INFO - Component: test_sample.components.C02_EsitoRicerca]]>
            </line>
            <line>
              <![CDATA[<br>INFO - Alias: esito]]>
            </line>
            <line>
              <![CDATA[<br>INFO - avvio C02_EsitoRicerca]]>
            </line>
            <line>
              <![CDATA[<br>INFO - Func: temporizzatore = 1000]]>
            </line>
            <line>
              <![CDATA[<br>INFO - waiting...]]>
            </line>
            <line>
              <![CDATA[<br>INFO - Checkpoint: //div[@id='top_nav'] trovato]]>
            </line>
            <line>
              <![CDATA[<br>INFO - C02_EsitoRicerca > Esito Ricerca]]>
            </line>
            <line>
              <![CDATA[<br>INFO - Func: temporizzatore = 1000]]>
            </line>
            <line>
              <![CDATA[<br>INFO - waiting...]]>
            </line>
            <line>
              <![CDATA[<br>INFO - Checkpoint: //p[contains(.,'non ha prodotto risultati')] trovato]]>
            </line>
            <line>
              <![CDATA[<br>INFO - 0]]>
            </line>
            <line>
              <![CDATA[<br>INFO - addUnloadData, key: risultati, value: 0]]>
            </line>
            <line>
              <![CDATA[<br>INFO - Component: test_sample.components.C03_GestioneMenu]]>
            </line>
            <line>
              <![CDATA[<br>INFO - Alias: c03]]>
            </line>
            <line>
              <![CDATA[<br>INFO - Loaddata del componente: test_sample.components.C03_GestioneMenu con alias: c03 skippato]]>
            </line>
            <line>
              <![CDATA[<br>INFO - Componente: test_sample.components.C03_GestioneMenu con alias: c03 skippato]]>
            </line>
            <line>
              <![CDATA[<br>INFO - ***Fine Execute ExecBP]]>
            </line>
            <line>
              <![CDATA[Completed executing following method : GBusinessProcess.exec]]>
            </line>
            <line>
              <![CDATA[Test Method resides in aria.testframework.businessprocess.GBusinessProcess]]>
            </line>
            <line>
              <![CDATA[Test Status: Pass]]>
            </line>
            <line>
              <![CDATA[About to begin executing following method : GBusinessProcess.afterMethod]]>
            </line>
          </reporter-output>
        </test-method> <!-- exec -->
        <test-method status="PASS" signature="afterMethod(org.testng.ITestResult)[pri:0, instance:aria.testframework.businessprocess.GBusinessProcess@77846d2c]" name="afterMethod" is-config="true" duration-ms="2170" started-at="2020-07-23T13:02:29Z" finished-at="2020-07-23T13:02:32Z">
          <params>
            <param index="0">
              <value>
                <![CDATA[[TestResult name=exec status=SUCCESS method=GBusinessProcess.exec([Laria.testframework.util.Parameter;)[pri:0, instance:aria.testframework.businessprocess.GBusinessProcess@77846d2c] output=About to begin executing following method : GBusinessProcess.exec]]]>
              </value>
            </param>
          </params>
          <reporter-output>
            <line>
              <![CDATA[TestNG Debugger : [TestClass name=class aria.testframework.businessprocess.GBusinessProcess]() running ]]>
            </line>
            <line>
              <![CDATA[Iteration 2 status PASS]]>
            </line>
            <line>
              <![CDATA[<br>INFO - Chiusura browser:]]>
            </line>
            <line>
              <![CDATA[<br>INFO - Comando: killall -9 chromedriver]]>
            </line>
            <line>
              <![CDATA[<br>ERROR - Browser ancora in esecuzione]]>
            </line>
            <line>
              <![CDATA[Completed executing following method : GBusinessProcess.afterMethod]]>
            </line>
          </reporter-output>
        </test-method> <!-- afterMethod -->
        <test-method status="PASS" signature="beforeMethod()[pri:0, instance:aria.testframework.businessprocess.GBusinessProcess@77846d2c]" name="beforeMethod" is-config="true" duration-ms="1084" started-at="2020-07-23T13:02:32Z" finished-at="2020-07-23T13:02:33Z">
          <reporter-output>
            <line>
              <![CDATA[<br>INFO - File: /home/gisparan/Documenti/ARIASPA/TEST-AUTOMATICI/TSEL/TEST_SAMPLE/sqa-TEST_SAMPLE-selenium-webdriver-test/src/main/resources/doc/report_generic.xls exists, file length: 17920]]>
            </line>
            <line>
              <![CDATA[<br>INFO - ***Apertura Browser]]>
            </line>
            <line>
              <![CDATA[<br>INFO - Apertura driver browser: chrome]]>
            </line>
            <line>
              <![CDATA[<br>INFO - Desired Capabilities: chrome]]>
            </line>
            <line>
              <![CDATA[<br>INFO - session Id=e0069a1f33de9340fc5aba46f7057c30]]>
            </line>
            <line>
              <![CDATA[<br>INFO - session Id=http://localhost:10774]]>
            </line>
            <line>
              <![CDATA[Completed executing following method : GBusinessProcess.beforeMethod]]>
            </line>
          </reporter-output>
        </test-method> <!-- beforeMethod -->
        <test-method status="PASS" signature="exec([Laria.testframework.util.Parameter;)[pri:0, instance:aria.testframework.businessprocess.GBusinessProcess@77846d2c]" name="exec" duration-ms="5566" started-at="2020-07-23T13:02:33Z" data-provider="data" finished-at="2020-07-23T13:02:38Z">
          <params>
            <param index="0">
              <value>
                <![CDATA[[Laria.testframework.util.Parameter;@69e308c6]]>
              </value>
            </param>
          </params>
          <reporter-output>
            <line>
              <![CDATA[About to begin executing following method : GBusinessProcess.exec]]>
            </line>
            <line>
              <![CDATA[<br>INFO - ***BP Name: BP01_RicercaGoogle]]>
            </line>
            <line>
              <![CDATA[<br>INFO - ***Parametri in input:]]>
            </line>
            <line>
              <![CDATA[<br>INFO - Iteration = 3]]>
            </line>
            <line>
              <![CDATA[<br>INFO - Note = Ricerca il numero uscito come risultato alla iter 1]]>
            </line>
            <line>
              <![CDATA[<br>INFO - IDPolarion = null]]>
            </line>
            <line>
              <![CDATA[<br>INFO - ricerca.cerca = [ITERATION]BP01_RicercaGoogle#1#esito.risultati]]>
            </line>
            <line>
              <![CDATA[<br>INFO - ricerca.pulsante = Cerca con Google]]>
            </line>
            <line>
              <![CDATA[<br>INFO - esito.skip = si]]>
            </line>
            <line>
              <![CDATA[<br>INFO - esito.chiavericerca = null]]>
            </line>
            <line>
              <![CDATA[<br>INFO - esito.testnegativo = null]]>
            </line>
            <line>
              <![CDATA[<br>INFO - c03.skip = TRUE]]>
            </line>
            <line>
              <![CDATA[<br>INFO - c03.sceltamenu = null]]>
            </line>
            <line>
              <![CDATA[<br>INFO - Apertura URL: https://www.google.it/]]>
            </line>
            <line>
              <![CDATA[<br>INFO - ***Execute ExecBP]]>
            </line>
            <line>
              <![CDATA[<br>INFO - BP01_RicercaGoogle]]>
            </line>
            <line>
              <![CDATA[<br>INFO - Avvio BP01_RicercaGoogle]]>
            </line>
            <line>
              <![CDATA[<br>INFO - Sono state lette: 3 righe]]>
            </line>
            <line>
              <![CDATA[<br>INFO - Component: test_sample.components.C01_RicercaGoogle]]>
            </line>
            <line>
              <![CDATA[<br>INFO - Alias: ricerca]]>
            </line>
            <line>
              <![CDATA[<br>INFO - TransferParameter: [ITERATION]BP01_RicercaGoogle#1#esito.risultati]]>
            </line>
            <line>
              <![CDATA[<br>INFO - Value: 24]]>
            </line>
            <line>
              <![CDATA[<br>INFO - avvio C01_RicercaGoogle]]>
            </line>
            <line>
              <![CDATA[<br>INFO - Func: temporizzatore = 1000]]>
            </line>
            <line>
              <![CDATA[<br>INFO - waiting...]]>
            </line>
            <line>
              <![CDATA[<br>INFO - Checkpoint: //input[@role='combobox'] trovato]]>
            </line>
            <line>
              <![CDATA[<br>INFO - C01_RicercaGoogle > Ricerca Google]]>
            </line>
            <line>
              <![CDATA[<br>INFO - safeInput: //input[@role='combobox']]]>
            </line>
            <line>
              <![CDATA[<br>INFO - attr: 24]]>
            </line>
            <line>
              <![CDATA[<br>INFO - safeInput: //input[@role='combobox']]]>
            </line>
            <line>
              <![CDATA[<br>INFO - attr: 24]]>
            </line>
            <line>
              <![CDATA[<br>INFO - Func: temporizzatore = 500]]>
            </line>
            <line>
              <![CDATA[<br>INFO - waiting...]]>
            </line>
            <line>
              <![CDATA[<br>INFO - Submit Element: //input[@role='combobox']]]>
            </line>
            <line>
              <![CDATA[<br>INFO - Func: elementExist //input[@role='combobox']]]>
            </line>
            <line>
              <![CDATA[<br>INFO - Component: test_sample.components.C02_EsitoRicerca]]>
            </line>
            <line>
              <![CDATA[<br>INFO - Alias: esito]]>
            </line>
            <line>
              <![CDATA[<br>INFO - Loaddata del componente: test_sample.components.C02_EsitoRicerca con alias: esito skippato]]>
            </line>
            <line>
              <![CDATA[<br>INFO - Componente: test_sample.components.C02_EsitoRicerca con alias: esito skippato]]>
            </line>
            <line>
              <![CDATA[<br>INFO - Component: test_sample.components.C03_GestioneMenu]]>
            </line>
            <line>
              <![CDATA[<br>INFO - Alias: c03]]>
            </line>
            <line>
              <![CDATA[<br>INFO - Loaddata del componente: test_sample.components.C03_GestioneMenu con alias: c03 skippato]]>
            </line>
            <line>
              <![CDATA[<br>INFO - Componente: test_sample.components.C03_GestioneMenu con alias: c03 skippato]]>
            </line>
            <line>
              <![CDATA[<br>INFO - ***Fine Execute ExecBP]]>
            </line>
            <line>
              <![CDATA[Completed executing following method : GBusinessProcess.exec]]>
            </line>
            <line>
              <![CDATA[Test Method resides in aria.testframework.businessprocess.GBusinessProcess]]>
            </line>
            <line>
              <![CDATA[Test Status: Pass]]>
            </line>
            <line>
              <![CDATA[About to begin executing following method : GBusinessProcess.afterMethod]]>
            </line>
          </reporter-output>
        </test-method> <!-- exec -->
        <test-method status="PASS" signature="afterMethod(org.testng.ITestResult)[pri:0, instance:aria.testframework.businessprocess.GBusinessProcess@77846d2c]" name="afterMethod" is-config="true" duration-ms="2138" started-at="2020-07-23T13:02:38Z" finished-at="2020-07-23T13:02:40Z">
          <params>
            <param index="0">
              <value>
                <![CDATA[[TestResult name=exec status=SUCCESS method=GBusinessProcess.exec([Laria.testframework.util.Parameter;)[pri:0, instance:aria.testframework.businessprocess.GBusinessProcess@77846d2c] output=About to begin executing following method : GBusinessProcess.exec]]]>
              </value>
            </param>
          </params>
          <reporter-output>
            <line>
              <![CDATA[TestNG Debugger : [TestClass name=class aria.testframework.businessprocess.GBusinessProcess]() running ]]>
            </line>
            <line>
              <![CDATA[Iteration 3 status PASS]]>
            </line>
            <line>
              <![CDATA[<br>INFO - Chiusura browser:]]>
            </line>
            <line>
              <![CDATA[<br>INFO - Comando: killall -9 chromedriver]]>
            </line>
            <line>
              <![CDATA[<br>ERROR - Browser ancora in esecuzione]]>
            </line>
            <line>
              <![CDATA[Completed executing following method : GBusinessProcess.afterMethod]]>
            </line>
          </reporter-output>
        </test-method> <!-- afterMethod -->
        <test-method status="PASS" signature="afterTest()[pri:0, instance:aria.testframework.businessprocess.GBusinessProcess@77846d2c]" name="afterTest" is-config="true" duration-ms="0" started-at="2020-07-23T13:02:40Z" finished-at="2020-07-23T13:02:40Z">
          <reporter-output>
            <line>
              <![CDATA[Completed executing following method : GBusinessProcess.afterTest]]>
            </line>
          </reporter-output>
        </test-method> <!-- afterTest -->
      </class> <!-- aria.testframework.businessprocess.GBusinessProcess -->
    </test> <!-- chrome1 -->
  </suite> <!-- 20170801-120912-POLARION -->
</testng-results>
